[25.02.2023 00:44:33 ] [INFO] [main] [<module>: 6] => Start
[25.02.2023 00:44:36 ] [INFO] [new_contact] [added_contact: 45] => Added contact succesfull
[25.02.2023 00:45:07 ] [INFO] [main] [main_: 47] => Exit
[25.02.2023 00:45:08 ] [INFO] [main] [<module>: 6] => Start
[25.02.2023 00:45:11 ] [INFO] [new_contact] [added_contact: 45] => Added contact succesfull
[25.02.2023 00:45:17 ] [INFO] [main] [main_: 47] => Exit
[25.02.2023 00:47:53 ] [INFO] [main] [<module>: 6] => Start
[25.02.2023 00:48:35 ] [INFO] [main] [main_: 47] => Exit
[25.02.2023 00:48:37 ] [INFO] [main] [<module>: 6] => Start
[25.02.2023 00:48:51 ] [INFO] [main] [main_: 47] => Exit
[25.02.2023 00:48:53 ] [INFO] [main] [<module>: 6] => Start
[25.02.2023 00:49:21 ] [INFO] [main] [main_: 47] => Exit
[25.02.2023 00:51:00 ] [INFO] [main] [<module>: 6] => Start
[25.02.2023 00:52:20 ] [INFO] [main] [main_: 47] => Exit
[25.02.2023 00:52:21 ] [INFO] [main] [<module>: 6] => Start
[25.02.2023 00:52:30 ] [INFO] [main] [<module>: 6] => Start
[25.02.2023 00:53:19 ] [INFO] [main] [main_: 47] => Exit
[25.02.2023 00:53:19 ] [INFO] [main] [<module>: 6] => Start
[25.02.2023 00:55:55 ] [INFO] [main] [main_: 47] => Exit
[25.02.2023 00:55:57 ] [INFO] [main] [<module>: 6] => Start
[25.02.2023 00:57:01 ] [INFO] [main] [main_: 47] => Exit
[25.02.2023 00:57:03 ] [INFO] [main] [<module>: 6] => Start
[25.02.2023 00:57:04 ] [INFO] [main] [main_: 47] => Exit
[25.02.2023 00:57:15 ] [INFO] [main] [<module>: 6] => Start
[25.02.2023 00:57:16 ] [INFO] [main] [main_: 47] => Exit
[25.02.2023 00:57:25 ] [INFO] [main] [<module>: 6] => Start
[25.02.2023 00:57:25 ] [INFO] [main] [main_: 47] => Exit
[25.02.2023 00:59:07 ] [INFO] [main] [<module>: 6] => Start
[25.02.2023 00:59:19 ] [INFO] [main] [main_: 47] => Exit
[25.02.2023 00:59:20 ] [INFO] [main] [<module>: 6] => Start
[25.02.2023 00:59:55 ] [INFO] [main] [main_: 47] => Exit
[25.02.2023 00:59:56 ] [INFO] [main] [<module>: 6] => Start
[25.02.2023 01:00:44 ] [INFO] [main] [<module>: 6] => Start
[25.02.2023 01:01:19 ] [INFO] [main] [<module>: 6] => Start
[25.02.2023 01:03:43 ] [INFO] [main] [<module>: 6] => Start
[25.02.2023 01:03:47 ] [INFO] [new_contact] [added_contact: 21] => Added contact succesfull
[25.02.2023 01:03:47 ] [INFO] [new_contact] [new_contactt: 124] => Added contact succesfull
[25.02.2023 01:04:22 ] [INFO] [main] [main_: 47] => Exit
[25.02.2023 01:04:45 ] [INFO] [main] [<module>: 6] => Start
[25.02.2023 01:06:07 ] [INFO] [main] [main_: 47] => Exit
[25.02.2023 01:06:09 ] [INFO] [main] [<module>: 6] => Start
[25.02.2023 01:06:09 ] [INFO] [main] [main_: 51] => [33mWrong command[0m]
[25.02.2023 01:07:01 ] [INFO] [main] [main_: 47] => Exit
[25.02.2023 01:07:03 ] [INFO] [main] [<module>: 6] => Start
[25.02.2023 01:07:03 ] [INFO] [main] [main_: 51] => [31mWrong command[0m
[25.02.2023 01:07:26 ] [INFO] [main] [main_: 47] => Exit
[25.02.2023 01:08:39 ] [INFO] [main] [<module>: 6] => Start
[25.02.2023 01:10:05 ] [INFO] [main] [main_: 47] => Exit
[25.02.2023 01:10:08 ] [INFO] [main] [<module>: 6] => Start
[25.02.2023 01:10:25 ] [INFO] [main] [main_: 47] => Exit
[25.02.2023 01:10:26 ] [INFO] [main] [<module>: 6] => Start
[25.02.2023 01:12:16 ] [INFO] [main] [main_: 47] => Exit
[25.02.2023 01:12:17 ] [INFO] [main] [<module>: 6] => Start
[25.02.2023 01:17:07 ] [INFO] [main] [main_: 47] => Exit
[25.02.2023 01:17:08 ] [INFO] [main] [<module>: 6] => Start
[25.02.2023 01:17:25 ] [INFO] [new_contact] [added_contact: 21] => Added contact succesfull
[25.02.2023 01:17:29 ] [INFO] [new_contact] [added_contact: 21] => Added contact succesfull
[25.02.2023 01:17:34 ] [INFO] [new_contact] [added_contact: 21] => Added contact succesfull
[25.02.2023 01:18:47 ] [INFO] [new_contact] [added_contact: 21] => Added contact succesfull
[25.02.2023 01:19:52 ] [INFO] [main] [main_: 47] => Exit
[25.02.2023 01:20:18 ] [INFO] [main] [<module>: 6] => Start
[25.02.2023 01:21:52 ] [INFO] [main] [main_: 47] => Exit
[25.02.2023 01:22:02 ] [INFO] [main] [<module>: 6] => Start
[25.02.2023 01:22:18 ] [INFO] [new_contact] [added_contact: 21] => Added contact succesfull
[25.02.2023 01:22:28 ] [INFO] [new_contact] [added_contact: 21] => Added contact succesfull
[25.02.2023 01:22:32 ] [INFO] [new_contact] [added_contact: 21] => Added contact succesfull
[25.02.2023 01:22:35 ] [INFO] [new_contact] [added_contact: 21] => Added contact succesfull
[25.02.2023 01:22:37 ] [INFO] [new_contact] [added_contact: 21] => Added contact succesfull
[25.02.2023 01:22:40 ] [INFO] [new_contact] [added_contact: 21] => Added contact succesfull
[25.02.2023 01:22:43 ] [INFO] [new_contact] [added_contact: 21] => Added contact succesfull
[25.02.2023 01:25:41 ] [INFO] [main] [main_: 47] => Exit
[25.02.2023 01:25:44 ] [INFO] [main] [<module>: 6] => Start
[25.02.2023 01:25:52 ] [INFO] [main] [<module>: 6] => Start
[25.02.2023 01:26:22 ] [INFO] [main] [<module>: 6] => Start
[25.02.2023 01:26:31 ] [INFO] [new_contact] [added_contact: 21] => Added contact succesfull
[25.02.2023 01:29:10 ] [INFO] [main] [<module>: 6] => Start
[25.02.2023 01:29:12 ] [INFO] [main] [<module>: 6] => Start
[25.02.2023 01:29:15 ] [INFO] [main] [<module>: 6] => Start
[25.02.2023 01:29:16 ] [INFO] [main] [<module>: 6] => Start
[25.02.2023 01:29:52 ] [INFO] [main] [<module>: 6] => Start
[25.02.2023 01:30:06 ] [INFO] [new_contact] [added_contact: 21] => Added contact succesfull
[25.02.2023 01:32:05 ] [INFO] [main] [<module>: 6] => Start
[25.02.2023 01:32:07 ] [INFO] [main] [main_: 47] => Exit
[25.02.2023 01:32:13 ] [INFO] [main] [<module>: 6] => Start
[25.02.2023 01:33:25 ] [INFO] [main] [main_: 47] => Exit
[25.02.2023 01:33:26 ] [INFO] [main] [<module>: 6] => Start
[25.02.2023 01:33:26 ] [INFO] [main] [<module>: 6] => Start
[25.02.2023 01:35:18 ] [INFO] [main] [<module>: 6] => Start
[25.02.2023 01:35:18 ] [INFO] [main] [<module>: 6] => Start
[25.02.2023 01:35:28 ] [INFO] [main] [<module>: 6] => Start
[25.02.2023 01:35:33 ] [INFO] [new_contact] [added_contact: 21] => Added contact succesfull
[25.02.2023 01:35:42 ] [INFO] [main] [main_: 51] => Wrong command
[25.02.2023 01:36:43 ] [INFO] [main] [main_: 47] => Exit
[25.02.2023 01:36:44 ] [INFO] [main] [<module>: 6] => Start
[25.02.2023 01:37:07 ] [INFO] [main] [main_: 47] => Exit
[25.02.2023 01:37:08 ] [INFO] [main] [<module>: 6] => Start
[25.02.2023 01:37:19 ] [INFO] [main] [main_: 47] => Exit
[25.02.2023 01:37:20 ] [INFO] [main] [<module>: 6] => Start
[25.02.2023 01:37:32 ] [INFO] [main] [main_: 47] => Exit
[25.02.2023 01:37:34 ] [INFO] [main] [<module>: 6] => Start
[25.02.2023 01:38:18 ] [INFO] [main] [main_: 47] => Exit
[25.02.2023 01:38:26 ] [INFO] [main] [<module>: 6] => Start
[25.02.2023 01:38:55 ] [INFO] [main] [main_: 47] => Exit
[25.02.2023 01:39:04 ] [INFO] [main] [<module>: 6] => Start
[25.02.2023 01:39:32 ] [INFO] [new_contact] [added_contact: 21] => Added contact succesfull
[25.02.2023 01:40:28 ] [INFO] [new_contact] [added_contact: 21] => Added contact succesfull
[25.02.2023 01:41:11 ] [INFO] [new_contact] [added_contact: 21] => Added contact succesfull
[25.02.2023 01:43:00 ] [INFO] [main] [main_: 47] => Exit
[25.02.2023 01:43:01 ] [INFO] [main] [<module>: 6] => Start
[25.02.2023 01:43:03 ] [INFO] [delete_contact] [deletee_contact: 26] => Delete contact
[25.02.2023 01:43:14 ] [INFO] [delete_contact] [deletee_contact: 26] => Delete contact
[25.02.2023 01:43:21 ] [INFO] [delete_contact] [deletee_contact: 26] => Delete contact
[25.02.2023 01:45:57 ] [INFO] [main] [main_: 47] => Exit
[25.02.2023 01:45:59 ] [INFO] [main] [<module>: 6] => Start
[25.02.2023 01:46:35 ] [INFO] [main] [main_: 47] => Exit
[25.02.2023 01:46:36 ] [INFO] [main] [<module>: 6] => Start
[25.02.2023 01:49:01 ] [INFO] [main] [main_: 47] => Exit
[25.02.2023 01:49:02 ] [INFO] [main] [<module>: 6] => Start
[25.02.2023 01:50:19 ] [INFO] [main] [main_: 47] => Exit
[25.02.2023 01:50:20 ] [INFO] [main] [<module>: 6] => Start
[25.02.2023 01:51:18 ] [INFO] [main] [main_: 47] => Exit
[25.02.2023 01:51:19 ] [INFO] [main] [<module>: 6] => Start
[25.02.2023 01:52:39 ] [INFO] [main] [main_: 47] => Exit
[25.02.2023 01:52:40 ] [INFO] [main] [<module>: 6] => Start
[25.02.2023 01:53:18 ] [INFO] [main] [main_: 47] => Exit
[25.02.2023 01:53:20 ] [INFO] [main] [<module>: 6] => Start
[25.02.2023 01:57:57 ] [INFO] [main] [main_: 47] => Exit
[25.02.2023 01:57:59 ] [INFO] [main] [<module>: 6] => Start
[25.02.2023 01:59:01 ] [INFO] [main] [<module>: 6] => Start
[25.02.2023 01:59:25 ] [INFO] [main] [<module>: 6] => Start
[25.02.2023 01:59:26 ] [INFO] [delete_contact] [deletee_contact: 27] => Delete contact
[25.02.2023 01:59:51 ] [INFO] [main] [main_: 47] => Exit
[25.02.2023 01:59:55 ] [INFO] [main] [<module>: 6] => Start
[25.02.2023 01:59:57 ] [INFO] [delete_contact] [deletee_contact: 27] => Delete contact
[25.02.2023 01:59:57 ] [INFO] [main] [main_: 51] => Wrong command
[25.02.2023 02:00:15 ] [INFO] [new_contact] [added_contact: 21] => Added contact succesfull
[25.02.2023 02:00:25 ] [INFO] [new_contact] [added_contact: 21] => Added contact succesfull
[25.02.2023 02:00:29 ] [INFO] [delete_contact] [deletee_contact: 27] => Delete contact
[25.02.2023 02:00:35 ] [INFO] [new_contact] [added_contact: 21] => Added contact succesfull
[25.02.2023 02:01:35 ] [INFO] [main] [main_: 47] => Exit
[25.02.2023 02:01:36 ] [INFO] [main] [<module>: 6] => Start
[25.02.2023 02:02:11 ] [INFO] [main] [<module>: 6] => Start
[25.02.2023 02:02:59 ] [INFO] [main] [<module>: 6] => Start
[25.02.2023 02:03:33 ] [INFO] [main] [main_: 47] => Exit
[25.02.2023 02:03:34 ] [INFO] [main] [<module>: 6] => Start
[25.02.2023 02:06:10 ] [INFO] [main] [main_: 47] => Exit
[25.02.2023 02:06:13 ] [INFO] [main] [<module>: 6] => Start
[25.02.2023 02:07:32 ] [INFO] [main] [<module>: 6] => Start
[25.02.2023 02:08:35 ] [INFO] [main] [<module>: 6] => Start
[25.02.2023 02:09:01 ] [INFO] [main] [main_: 47] => Exit
[25.02.2023 02:09:01 ] [INFO] [main] [<module>: 6] => Start
[25.02.2023 02:11:21 ] [INFO] [main] [<module>: 6] => Start
[25.02.2023 02:12:04 ] [INFO] [main] [<module>: 6] => Start
[25.02.2023 02:12:33 ] [INFO] [main] [<module>: 6] => Start
[25.02.2023 02:13:09 ] [INFO] [main] [<module>: 6] => Start
[25.02.2023 02:13:44 ] [INFO] [main] [<module>: 6] => Start
[25.02.2023 02:14:47 ] [INFO] [main] [main_: 47] => Exit
[25.02.2023 02:14:47 ] [INFO] [main] [<module>: 6] => Start
[25.02.2023 02:15:48 ] [INFO] [new_contact] [added_contact: 21] => Added contact succesfull
[25.02.2023 02:15:58 ] [INFO] [new_contact] [added_contact: 21] => Added contact succesfull
[25.02.2023 02:17:46 ] [INFO] [main] [<module>: 6] => Start
[25.02.2023 02:18:05 ] [INFO] [main] [main_: 47] => Exit
[25.02.2023 02:18:06 ] [INFO] [main] [<module>: 6] => Start
[25.02.2023 02:18:53 ] [INFO] [main] [<module>: 6] => Start
[25.02.2023 02:21:30 ] [INFO] [main] [main_: 47] => Exit
[25.02.2023 02:21:32 ] [INFO] [main] [<module>: 6] => Start
[25.02.2023 02:22:23 ] [INFO] [main] [main_: 47] => Exit
[25.02.2023 02:22:27 ] [INFO] [main] [<module>: 6] => Start
[25.02.2023 02:22:31 ] [INFO] [new_contact] [added_contact: 21] => Added contact succesfull
[25.02.2023 02:23:25 ] [INFO] [main] [main_: 47] => Exit
[25.02.2023 02:23:26 ] [INFO] [main] [<module>: 6] => Start
[25.02.2023 02:23:50 ] [INFO] [main] [<module>: 6] => Start
[25.02.2023 02:23:55 ] [INFO] [main] [<module>: 6] => Start
[25.02.2023 02:25:20 ] [INFO] [main] [<module>: 6] => Start
[25.02.2023 02:25:37 ] [INFO] [main] [<module>: 6] => Start
[25.02.2023 02:26:08 ] [INFO] [main] [<module>: 6] => Start
[25.02.2023 02:26:14 ] [INFO] [new_contact] [added_contact: 21] => Added contact succesfull
[25.02.2023 02:27:57 ] [INFO] [main] [main_: 47] => Exit
[25.02.2023 02:27:58 ] [INFO] [main] [<module>: 6] => Start
[25.02.2023 02:27:59 ] [INFO] [main] [main_: 51] => Wrong command
[25.02.2023 02:28:00 ] [INFO] [main] [main_: 51] => Wrong command
[25.02.2023 02:28:09 ] [INFO] [new_contact] [added_contact: 21] => Added contact succesfull
[25.02.2023 02:28:37 ] [INFO] [main] [main_: 47] => Exit
[25.02.2023 02:28:39 ] [INFO] [main] [<module>: 6] => Start
[25.02.2023 02:29:40 ] [INFO] [main] [<module>: 6] => Start
[25.02.2023 02:29:49 ] [INFO] [main] [<module>: 6] => Start
[25.02.2023 02:29:55 ] [INFO] [new_contact] [added_contact: 21] => Added contact succesfull
[25.02.2023 02:30:20 ] [INFO] [main] [main_: 47] => Exit
[25.02.2023 02:30:21 ] [INFO] [main] [<module>: 6] => Start
[25.02.2023 02:30:23 ] [INFO] [new_contact] [added_contact: 21] => Added contact succesfull
[25.02.2023 02:30:54 ] [INFO] [new_contact] [added_contact: 21] => Added contact succesfull
[25.02.2023 02:31:30 ] [INFO] [main] [main_: 47] => Exit
[25.02.2023 02:31:31 ] [INFO] [main] [<module>: 6] => Start
[25.02.2023 02:34:28 ] [INFO] [main] [<module>: 6] => Start
[25.02.2023 02:35:22 ] [INFO] [main] [main_: 47] => Exit
[25.02.2023 02:35:23 ] [INFO] [main] [<module>: 6] => Start
[25.02.2023 02:35:25 ] [INFO] [new_contact] [added_contact: 21] => Added contact succesfull
[25.02.2023 02:35:34 ] [INFO] [new_contact] [added_contact: 21] => Added contact succesfull
[25.02.2023 02:36:01 ] [INFO] [new_contact] [added_contact: 21] => Added contact succesfull
[25.02.2023 02:36:49 ] [INFO] [main] [main_: 47] => Exit
[25.02.2023 02:36:49 ] [INFO] [main] [<module>: 6] => Start
[25.02.2023 02:36:52 ] [INFO] [new_contact] [added_contact: 21] => Added contact succesfull
[25.02.2023 02:37:24 ] [INFO] [main] [main_: 47] => Exit
[25.02.2023 02:37:25 ] [INFO] [main] [<module>: 6] => Start
[25.02.2023 02:37:27 ] [INFO] [new_contact] [added_contact: 21] => Added contact succesfull
[25.02.2023 02:40:08 ] [INFO] [main] [main_: 47] => Exit
[25.02.2023 02:40:09 ] [INFO] [main] [<module>: 6] => Start
[25.02.2023 02:40:13 ] [INFO] [main] [<module>: 6] => Start
[25.02.2023 02:40:29 ] [INFO] [main] [<module>: 6] => Start
[25.02.2023 02:40:32 ] [INFO] [new_contact] [added_contact: 21] => Added contact succesfull
[25.02.2023 02:41:17 ] [INFO] [main] [main_: 47] => Exit
[25.02.2023 02:41:19 ] [INFO] [main] [<module>: 6] => Start
[25.02.2023 02:41:44 ] [INFO] [main] [<module>: 6] => Start
[25.02.2023 02:44:36 ] [INFO] [main] [main_: 47] => Exit
[25.02.2023 02:44:37 ] [INFO] [main] [<module>: 6] => Start
[25.02.2023 02:45:20 ] [INFO] [main] [<module>: 6] => Start
[25.02.2023 02:48:23 ] [INFO] [main] [<module>: 6] => Start
[25.02.2023 02:48:42 ] [INFO] [main] [<module>: 6] => Start
[25.02.2023 02:48:48 ] [INFO] [main] [<module>: 6] => Start
[25.02.2023 02:53:16 ] [INFO] [main] [<module>: 6] => Start
[25.02.2023 02:55:21 ] [INFO] [main] [main_: 47] => Exit
[25.02.2023 02:55:22 ] [INFO] [main] [<module>: 6] => Start
[25.02.2023 02:55:23 ] [INFO] [main] [main_: 51] => Wrong command
[25.02.2023 02:55:23 ] [INFO] [main] [main_: 51] => Wrong command
[25.02.2023 02:55:29 ] [INFO] [new_contact] [added_contact: 21] => Added contact succesfull
[25.02.2023 02:55:55 ] [INFO] [main] [main_: 47] => Exit
[25.02.2023 02:55:56 ] [INFO] [main] [<module>: 6] => Start
[25.02.2023 02:56:53 ] [INFO] [main] [main_: 47] => Exit
[25.02.2023 02:56:54 ] [INFO] [main] [<module>: 6] => Start
[25.02.2023 02:57:59 ] [INFO] [main] [main_: 47] => Exit
[25.02.2023 02:58:01 ] [INFO] [main] [<module>: 6] => Start
[25.02.2023 02:58:05 ] [INFO] [new_contact] [added_contact: 21] => Added contact succesfull
[25.02.2023 02:59:32 ] [INFO] [main] [main_: 47] => Exit
[25.02.2023 02:59:33 ] [INFO] [main] [<module>: 6] => Start
[25.02.2023 03:00:23 ] [INFO] [main] [main_: 47] => Exit
[25.02.2023 03:00:26 ] [INFO] [main] [<module>: 6] => Start
[25.02.2023 03:00:33 ] [INFO] [new_contact] [added_contact: 21] => Added contact succesfull
[25.02.2023 03:03:15 ] [INFO] [main] [<module>: 6] => Start
[25.02.2023 03:03:18 ] [INFO] [main] [<module>: 6] => Start
[25.02.2023 03:03:56 ] [INFO] [main] [<module>: 6] => Start
[25.02.2023 03:05:30 ] [INFO] [main] [main_: 47] => Exit
[25.02.2023 03:05:31 ] [INFO] [main] [<module>: 6] => Start
[25.02.2023 03:05:35 ] [INFO] [new_contact] [added_contact: 21] => Added contact succesfull
[25.02.2023 03:07:00 ] [INFO] [main] [main_: 47] => Exit
[25.02.2023 03:19:16 ] [INFO] [main] [<module>: 6] => Start program
[25.02.2023 03:19:24 ] [INFO] [print_phone_book] [printt_phone_book: 9] => Read DATABASE
[25.02.2023 03:19:24 ] [INFO] [print_phone_book] [printt_phone_book: 32] => Print phone book with email
[25.02.2023 03:19:24 ] [INFO] [print_phone_book] [printt_phone_book: 32] => Print phone book with email
[25.02.2023 03:19:24 ] [INFO] [print_phone_book] [printt_phone_book: 32] => Print phone book with email
[25.02.2023 03:20:50 ] [INFO] [main] [<module>: 6] => Start program
[25.02.2023 03:20:52 ] [INFO] [new_contact] [<module>: 8] => Now
[25.02.2023 03:20:59 ] [INFO] [new_contact] [new_contactt: 73] => count fullname > 0
[25.02.2023 03:21:53 ] [INFO] [main] [main_: 47] => Exit
[25.02.2023 03:25:01 ] [INFO] [main] [<module>: 6] => Start program
[25.02.2023 03:28:15 ] [INFO] [main] [main_: 47] => Exit
[25.02.2023 03:28:20 ] [INFO] [main] [<module>: 6] => Start program
[25.02.2023 03:28:21 ] [INFO] [user_interface] [menu: 16] => Menu display
[25.02.2023 03:28:25 ] [INFO] [print_phone_book] [printt_phone_book: 9] => Read DATABASE
[25.02.2023 03:28:25 ] [INFO] [print_phone_book] [printt_phone_book: 32] => Print phone book with email
[25.02.2023 03:28:25 ] [INFO] [print_phone_book] [printt_phone_book: 32] => Print phone book with email
[25.02.2023 03:28:25 ] [INFO] [print_phone_book] [printt_phone_book: 32] => Print phone book with email
[25.02.2023 03:30:40 ] [INFO] [main] [main_: 47] => Exit
[25.02.2023 03:30:41 ] [INFO] [main] [<module>: 6] => Start program
[25.02.2023 03:30:42 ] [INFO] [print_phone_book] [printt_phone_book: 9] => Read DATABASE
[25.02.2023 03:30:42 ] [INFO] [print_phone_book] [printt_phone_book: 32] => Print phone book
[25.02.2023 03:30:53 ] [INFO] [user_interface] [menu: 16] => Menu display
[25.02.2023 03:30:56 ] [INFO] [new_contact] [<module>: 8] => Now
[25.02.2023 03:31:12 ] [INFO] [new_contact] [new_contactt: 73] => The name is already there
[25.02.2023 23:05:33 ] [INFO] [main] [<module>: 6] => Start program
[25.02.2023 23:05:34 ] [INFO] [user_interface] [menu: 16] => Menu display
[25.02.2023 23:05:38 ] [INFO] [main] [<module>: 6] => Start program
[25.02.2023 23:05:50 ] [INFO] [main] [<module>: 6] => Start program
[25.02.2023 23:05:51 ] [INFO] [main] [<module>: 6] => Start program
[25.02.2023 23:06:01 ] [INFO] [main] [<module>: 6] => Start program
[25.02.2023 23:07:21 ] [INFO] [main] [<module>: 6] => Start program
[25.02.2023 23:07:24 ] [INFO] [print_phone_book] [printt_phone_book: 9] => Read DATABASE
[25.02.2023 23:07:24 ] [INFO] [print_phone_book] [printt_phone_book: 32] => Print phone book
[25.02.2023 23:07:25 ] [INFO] [new_contact] [<module>: 8] => Now
[25.02.2023 23:11:29 ] [INFO] [main] [<module>: 6] => Start program
[25.02.2023 23:11:30 ] [INFO] [user_interface] [menu: 16] => Menu display
[25.02.2023 23:12:25 ] [INFO] [main] [main_: 49] => Exit
[25.02.2023 23:12:26 ] [INFO] [main] [<module>: 6] => Start program
[25.02.2023 23:19:53 ] [INFO] [main] [<module>: 6] => Start program
[25.02.2023 23:19:57 ] [INFO] [main] [<module>: 6] => Start program
[25.02.2023 23:29:33 ] [INFO] [main] [<module>: 6] => Start program
[25.02.2023 23:29:34 ] [INFO] [new_contact] [<module>: 9] => Now
[25.02.2023 23:31:27 ] [INFO] [main] [<module>: 6] => Start program
[25.02.2023 23:32:48 ] [INFO] [main] [main_: 53] => Exit
[25.02.2023 23:32:49 ] [INFO] [main] [<module>: 6] => Start program
[25.02.2023 23:35:11 ] [INFO] [main] [main_: 53] => Exit
[25.02.2023 23:35:12 ] [INFO] [main] [<module>: 6] => Start program
[25.02.2023 23:36:25 ] [INFO] [main] [main_: 53] => Exit
[25.02.2023 23:36:26 ] [INFO] [main] [<module>: 6] => Start program
[25.02.2023 23:37:15 ] [INFO] [main] [main_: 53] => Exit
[25.02.2023 23:37:16 ] [INFO] [main] [<module>: 6] => Start program
[25.02.2023 23:37:43 ] [INFO] [main] [main_: 53] => Exit
[25.02.2023 23:37:50 ] [INFO] [main] [<module>: 6] => Start program
[25.02.2023 23:38:40 ] [INFO] [main] [main_: 53] => Exit
[25.02.2023 23:38:41 ] [INFO] [main] [<module>: 6] => Start program
[25.02.2023 23:39:37 ] [INFO] [main] [main_: 53] => Exit
[25.02.2023 23:39:38 ] [INFO] [main] [<module>: 6] => Start program
[25.02.2023 23:41:36 ] [INFO] [main] [main_: 53] => Exit
[25.02.2023 23:41:41 ] [INFO] [main] [<module>: 6] => Start program
[25.02.2023 23:42:58 ] [INFO] [main] [main_: 53] => Exit
[25.02.2023 23:42:59 ] [INFO] [main] [<module>: 6] => Start program
[25.02.2023 23:44:10 ] [INFO] [main] [<module>: 6] => Start program
[25.02.2023 23:44:41 ] [INFO] [main] [<module>: 6] => Start program
[25.02.2023 23:47:30 ] [INFO] [main] [<module>: 6] => Start program
[25.02.2023 23:48:25 ] [INFO] [main] [main_: 53] => Exit
[25.02.2023 23:48:25 ] [INFO] [main] [<module>: 6] => Start program
[25.02.2023 23:50:04 ] [INFO] [main] [main_: 53] => Exit
[25.02.2023 23:50:06 ] [INFO] [main] [<module>: 6] => Start program
[25.02.2023 23:50:54 ] [INFO] [main] [<module>: 6] => Start program
[25.02.2023 23:51:14 ] [INFO] [main] [main_: 53] => Exit
[25.02.2023 23:51:15 ] [INFO] [main] [<module>: 6] => Start program
[25.02.2023 23:51:44 ] [INFO] [main] [main_: 53] => Exit
[25.02.2023 23:51:45 ] [INFO] [main] [<module>: 6] => Start program
[25.02.2023 23:52:12 ] [INFO] [main] [main_: 53] => Exit
[25.02.2023 23:52:13 ] [INFO] [main] [<module>: 6] => Start program
[25.02.2023 23:52:28 ] [INFO] [main] [main_: 53] => Exit
[25.02.2023 23:52:29 ] [INFO] [main] [<module>: 6] => Start program
[25.02.2023 23:53:33 ] [INFO] [main] [main_: 53] => Exit
[25.02.2023 23:53:34 ] [INFO] [main] [<module>: 6] => Start program
[25.02.2023 23:55:36 ] [INFO] [main] [main_: 57] => Wrong command
[25.02.2023 23:55:36 ] [INFO] [user_interface] [menu: 16] => Menu display
[25.02.2023 23:55:36 ] [INFO] [main] [main_: 53] => Exit
[25.02.2023 23:55:38 ] [INFO] [main] [<module>: 6] => Start program
[25.02.2023 23:55:57 ] [INFO] [main] [<module>: 6] => Start program
[25.02.2023 23:56:16 ] [INFO] [main] [<module>: 6] => Start program
[25.02.2023 23:56:39 ] [INFO] [main] [<module>: 6] => Start program
[25.02.2023 23:56:59 ] [INFO] [main] [main_: 53] => Exit
[25.02.2023 23:57:00 ] [INFO] [main] [<module>: 6] => Start program
[25.02.2023 23:57:35 ] [INFO] [main] [main_: 53] => Exit
[25.02.2023 23:57:36 ] [INFO] [main] [<module>: 6] => Start program
[25.02.2023 23:58:06 ] [INFO] [main] [main_: 53] => Exit
[25.02.2023 23:58:06 ] [INFO] [main] [<module>: 6] => Start program
[25.02.2023 23:58:46 ] [INFO] [main] [main_: 53] => Exit
[25.02.2023 23:58:47 ] [INFO] [main] [<module>: 6] => Start program
[25.02.2023 23:59:02 ] [INFO] [main] [main_: 53] => Exit
[25.02.2023 23:59:05 ] [INFO] [main] [<module>: 6] => Start program
[26.02.2023 00:02:16 ] [INFO] [main] [main_: 53] => Exit
[26.02.2023 00:02:17 ] [INFO] [main] [<module>: 6] => Start program
[26.02.2023 00:02:47 ] [INFO] [main] [main_: 53] => Exit
[26.02.2023 00:02:47 ] [INFO] [main] [<module>: 6] => Start program
[26.02.2023 00:03:17 ] [INFO] [main] [<module>: 6] => Start program
[26.02.2023 00:03:36 ] [INFO] [main] [<module>: 6] => Start program
[26.02.2023 00:03:57 ] [INFO] [main] [<module>: 6] => Start program
[26.02.2023 00:04:44 ] [INFO] [main] [main_: 53] => Exit
[26.02.2023 00:04:45 ] [INFO] [main] [<module>: 6] => Start program
[26.02.2023 00:05:45 ] [INFO] [main] [main_: 53] => Exit
[26.02.2023 00:05:46 ] [INFO] [main] [<module>: 6] => Start program
[26.02.2023 00:06:45 ] [INFO] [main] [main_: 53] => Exit
[26.02.2023 00:06:46 ] [INFO] [main] [<module>: 6] => Start program
[26.02.2023 00:07:38 ] [INFO] [main] [<module>: 6] => Start program
[26.02.2023 00:10:10 ] [INFO] [main] [<module>: 6] => Start program
[26.02.2023 00:10:17 ] [INFO] [main] [<module>: 6] => Start program
[26.02.2023 00:10:18 ] [INFO] [main] [main_: 57] => Wrong command
[26.02.2023 00:10:18 ] [INFO] [user_interface] [menu: 16] => Menu display
[26.02.2023 00:10:28 ] [INFO] [main] [<module>: 6] => Start program
[26.02.2023 00:10:39 ] [INFO] [main] [<module>: 6] => Start program
[26.02.2023 00:10:54 ] [INFO] [main] [<module>: 6] => Start program
[26.02.2023 00:12:26 ] [INFO] [main] [main_: 53] => Exit
[26.02.2023 00:13:06 ] [INFO] [main] [<module>: 6] => Start program
[26.02.2023 00:13:11 ] [INFO] [main] [<module>: 6] => Start program
[26.02.2023 00:13:21 ] [INFO] [main] [<module>: 6] => Start program
[26.02.2023 00:14:26 ] [INFO] [main] [main_: 53] => Exit
[26.02.2023 00:14:27 ] [INFO] [main] [<module>: 6] => Start program
[26.02.2023 00:16:32 ] [INFO] [main] [<module>: 6] => Start program
[26.02.2023 00:19:26 ] [INFO] [main] [main_: 53] => Exit
[26.02.2023 00:19:29 ] [INFO] [main] [<module>: 6] => Start program
[26.02.2023 00:20:45 ] [INFO] [main] [<module>: 6] => Start program
[26.02.2023 00:21:09 ] [INFO] [main] [main_: 53] => Exit
[26.02.2023 00:21:09 ] [INFO] [main] [<module>: 6] => Start program
[26.02.2023 00:22:08 ] [INFO] [main] [main_: 53] => Exit
[26.02.2023 00:22:09 ] [INFO] [main] [<module>: 6] => Start program
[26.02.2023 00:23:21 ] [INFO] [main] [main_: 53] => Exit
[26.02.2023 00:23:23 ] [INFO] [main] [<module>: 6] => Start program
[26.02.2023 00:23:38 ] [INFO] [main] [<module>: 6] => Start program
[26.02.2023 00:24:47 ] [INFO] [main] [<module>: 6] => Start program
[26.02.2023 00:25:06 ] [INFO] [main] [main_: 53] => Exit
[26.02.2023 00:25:07 ] [INFO] [main] [<module>: 6] => Start program
[26.02.2023 00:25:40 ] [INFO] [main] [main_: 53] => Exit
[26.02.2023 00:25:40 ] [INFO] [main] [<module>: 6] => Start program
[26.02.2023 00:28:25 ] [INFO] [main] [main_: 53] => Exit
[26.02.2023 00:28:25 ] [INFO] [main] [<module>: 6] => Start program
[26.02.2023 00:28:26 ] [INFO] [main] [main_: 57] => Wrong command
[26.02.2023 00:28:26 ] [INFO] [user_interface] [menu: 16] => Menu display
[26.02.2023 00:28:54 ] [INFO] [main] [<module>: 6] => Start program
[26.02.2023 00:31:32 ] [INFO] [main] [main_: 53] => Exit
[26.02.2023 00:31:32 ] [INFO] [main] [<module>: 6] => Start program
[26.02.2023 00:32:26 ] [INFO] [main] [main_: 53] => Exit
[26.02.2023 00:32:28 ] [INFO] [main] [<module>: 6] => Start program
[26.02.2023 00:32:55 ] [INFO] [main] [main_: 53] => Exit
[26.02.2023 00:32:56 ] [INFO] [main] [<module>: 6] => Start program
[26.02.2023 00:35:43 ] [INFO] [main] [main_: 53] => Exit
[26.02.2023 00:35:46 ] [INFO] [main] [<module>: 6] => Start program
[26.02.2023 00:35:48 ] [INFO] [substring_search] [<module>: 3] => substring search contact
[26.02.2023 00:35:49 ] [INFO] [substring_search] [substring_search: 41] => No such contact
[26.02.2023 00:35:53 ] [INFO] [substring_search] [substring_search: 41] => No such contact
[26.02.2023 00:36:01 ] [INFO] [main] [main_: 53] => Exit
[26.02.2023 00:36:02 ] [INFO] [main] [<module>: 6] => Start program
[26.02.2023 00:36:02 ] [INFO] [print_phone_book] [printt_phone_book: 9] => Read DATABASE
[26.02.2023 00:36:02 ] [INFO] [print_phone_book] [printt_phone_book: 32] => Print phone book
[26.02.2023 00:36:05 ] [INFO] [print_phone_book] [printt_phone_book: 9] => Read DATABASE
[26.02.2023 00:36:05 ] [INFO] [print_phone_book] [printt_phone_book: 32] => Print phone book
[26.02.2023 00:39:19 ] [INFO] [main] [main_: 53] => Exit
[26.02.2023 00:39:20 ] [INFO] [main] [<module>: 6] => Start program
[26.02.2023 00:39:20 ] [INFO] [print_phone_book] [printt_phone_book: 9] => Read DATABASE
[26.02.2023 00:39:20 ] [INFO] [print_phone_book] [printt_phone_book: 30] => Print phone book
[26.02.2023 00:39:26 ] [INFO] [new_contact] [<module>: 9] => Now
[26.02.2023 00:45:23 ] [INFO] [main] [<module>: 6] => Start program
[26.02.2023 00:45:25 ] [INFO] [new_contact] [<module>: 9] => Now
[26.02.2023 00:45:40 ] [INFO] [main] [<module>: 6] => Start program
[26.02.2023 00:45:40 ] [INFO] [print_phone_book] [printt_phone_book: 9] => Read DATABASE
[26.02.2023 00:45:40 ] [INFO] [print_phone_book] [printt_phone_book: 30] => Print phone book
[26.02.2023 00:45:42 ] [INFO] [new_contact] [<module>: 9] => Now
[26.02.2023 00:47:06 ] [INFO] [main] [main_: 53] => Exit
[26.02.2023 00:47:07 ] [INFO] [main] [<module>: 6] => Start program
[26.02.2023 00:47:08 ] [INFO] [new_contact] [<module>: 9] => Now
[26.02.2023 00:47:28 ] [INFO] [new_contact] [new_contactt: 124] => Open file
[26.02.2023 00:47:28 ] [INFO] [new_contact] [added_contact: 16] => Added contact succesfull
[26.02.2023 00:47:28 ] [INFO] [new_contact] [new_contactt: 139] => Added contact succesful
[26.02.2023 00:47:55 ] [INFO] [main] [main_: 53] => Exit
[26.02.2023 00:48:07 ] [INFO] [main] [<module>: 6] => Start program
[26.02.2023 00:48:12 ] [INFO] [new_contact] [<module>: 9] => Now
[26.02.2023 00:48:12 ] [INFO] [new_contact] [new_contactt: 145] => Create phone book
[26.02.2023 00:48:42 ] [INFO] [new_contact] [new_contactt: 155] => Open file
[26.02.2023 00:48:42 ] [INFO] [new_contact] [added_contact: 16] => Added contact succesfull
[26.02.2023 00:48:42 ] [INFO] [new_contact] [new_contactt: 170] => Added contact succesful
[26.02.2023 00:48:44 ] [INFO] [print_phone_book] [printt_phone_book: 9] => Read DATABASE
[26.02.2023 00:48:44 ] [INFO] [print_phone_book] [printt_phone_book: 30] => Print phone book
[26.02.2023 00:56:20 ] [INFO] [main] [main_: 53] => Exit
[26.02.2023 00:56:54 ] [INFO] [main] [<module>: 6] => Start program
[26.02.2023 00:57:01 ] [INFO] [main] [main_: 57] => Exit
[26.02.2023 00:57:02 ] [INFO] [main] [<module>: 6] => Start program
[26.02.2023 00:57:03 ] [INFO] [copying_a_book] [<module>: 3] => Copying
[26.02.2023 00:57:03 ] [INFO] [copying_a_book] [copy: 8] => Read DATABASE
[26.02.2023 00:58:24 ] [INFO] [main] [<module>: 6] => Start program
[26.02.2023 00:58:24 ] [INFO] [copying_a_book] [<module>: 3] => Copying
[26.02.2023 00:58:24 ] [INFO] [copying_a_book] [copy: 8] => Read DATABASE
[26.02.2023 00:58:24 ] [INFO] [copying_a_book] [copy: 12] => Copying succesfful
[26.02.2023 00:59:15 ] [INFO] [copying_a_book] [copy: 8] => Read DATABASE
[26.02.2023 00:59:15 ] [INFO] [copying_a_book] [copy: 12] => Copying succesfful
[26.02.2023 01:00:02 ] [INFO] [main] [main_: 57] => Exit
[26.02.2023 01:00:04 ] [INFO] [main] [<module>: 6] => Start program
[26.02.2023 01:00:05 ] [INFO] [copying_a_book] [<module>: 3] => Copying
[26.02.2023 01:00:05 ] [INFO] [copying_a_book] [copy: 8] => Read DATABASE
[26.02.2023 01:00:05 ] [INFO] [copying_a_book] [copy: 12] => Copying succesfful
[26.02.2023 01:00:12 ] [INFO] [main] [main_: 57] => Exit
[26.02.2023 01:00:13 ] [INFO] [main] [<module>: 6] => Start program
[26.02.2023 01:00:14 ] [INFO] [copying_a_book] [<module>: 3] => Copying
[26.02.2023 01:00:14 ] [INFO] [copying_a_book] [copy: 8] => Read DATABASE
[26.02.2023 01:00:14 ] [INFO] [copying_a_book] [copy: 12] => Copying succesfful
[26.02.2023 01:01:30 ] [INFO] [main] [main_: 57] => Exit
[26.02.2023 01:01:30 ] [INFO] [main] [<module>: 6] => Start program
[26.02.2023 01:01:31 ] [INFO] [copying_a_book] [<module>: 3] => Copying
[26.02.2023 01:01:31 ] [INFO] [copying_a_book] [copy: 8] => Read DATABASE
[26.02.2023 01:01:31 ] [INFO] [copying_a_book] [copy: 13] => Copying succesfful
[26.02.2023 01:01:54 ] [INFO] [main] [main_: 57] => Exit
[26.02.2023 01:01:55 ] [INFO] [main] [<module>: 6] => Start program
[26.02.2023 01:01:55 ] [INFO] [copying_a_book] [<module>: 3] => Copying
[26.02.2023 01:01:55 ] [INFO] [copying_a_book] [copy: 8] => Read DATABASE
[26.02.2023 01:02:09 ] [INFO] [main] [<module>: 6] => Start program
[26.02.2023 01:02:10 ] [INFO] [copying_a_book] [<module>: 3] => Copying
[26.02.2023 01:02:16 ] [INFO] [main] [<module>: 6] => Start program
[26.02.2023 01:02:17 ] [INFO] [copying_a_book] [<module>: 3] => Copying
[26.02.2023 01:02:17 ] [INFO] [copying_a_book] [copy: 8] => Read DATABASE
[26.02.2023 01:02:17 ] [INFO] [copying_a_book] [copy: 14] => Copying succesfful
[26.02.2023 01:03:06 ] [INFO] [main] [main_: 57] => Exit
[26.02.2023 01:04:42 ] [INFO] [main] [<module>: 6] => Start program
[26.02.2023 01:04:43 ] [INFO] [copying_a_book] [<module>: 3] => Copying
[26.02.2023 01:04:43 ] [INFO] [copying_a_book] [copy: 8] => Read DATABASE
[26.02.2023 01:04:43 ] [INFO] [copying_a_book] [copy: 14] => Copying succesfful
[26.02.2023 01:05:01 ] [INFO] [main] [main_: 57] => Exit
[26.02.2023 01:05:02 ] [INFO] [main] [<module>: 6] => Start program
[26.02.2023 01:05:02 ] [INFO] [copying_a_book] [<module>: 3] => Copying
[26.02.2023 01:05:02 ] [INFO] [copying_a_book] [copy: 8] => Read DATABASE
[26.02.2023 01:05:02 ] [INFO] [copying_a_book] [copy: 14] => Copying succesfful
[26.02.2023 01:05:20 ] [INFO] [main] [main_: 57] => Exit
[26.02.2023 01:05:21 ] [INFO] [main] [<module>: 6] => Start program
[26.02.2023 01:05:21 ] [INFO] [copying_a_book] [<module>: 3] => Copying
[26.02.2023 01:05:21 ] [INFO] [copying_a_book] [copy: 8] => Read DATABASE
[26.02.2023 01:05:21 ] [INFO] [copying_a_book] [copy: 14] => Copying succesfful
[26.02.2023 01:05:30 ] [INFO] [new_contact] [<module>: 9] => Now
[26.02.2023 01:06:04 ] [INFO] [main] [<module>: 6] => Start program
[26.02.2023 01:06:04 ] [INFO] [print_phone_book] [printt_phone_book: 9] => Read DATABASE
[26.02.2023 01:06:04 ] [INFO] [print_phone_book] [printt_phone_book: 30] => Print phone book
[26.02.2023 01:06:07 ] [INFO] [new_contact] [<module>: 9] => Now
[26.02.2023 01:06:22 ] [INFO] [main] [<module>: 6] => Start program
[26.02.2023 01:06:23 ] [INFO] [new_contact] [<module>: 9] => Now
[26.02.2023 01:08:15 ] [INFO] [main] [<module>: 6] => Start program
[26.02.2023 01:08:16 ] [INFO] [print_phone_book] [printt_phone_book: 9] => Read DATABASE
[26.02.2023 01:08:16 ] [INFO] [print_phone_book] [printt_phone_book: 30] => Print phone book
[26.02.2023 01:08:17 ] [INFO] [new_contact] [<module>: 9] => Now
[26.02.2023 01:09:39 ] [INFO] [main] [<module>: 6] => Start program
[26.02.2023 01:09:40 ] [INFO] [new_contact] [<module>: 9] => Now
[26.02.2023 01:09:40 ] [INFO] [new_contact] [new_contactt: 146] => Create phone book
[26.02.2023 01:09:42 ] [INFO] [new_contact] [new_contactt: 156] => Open file
[26.02.2023 01:09:42 ] [INFO] [new_contact] [added_contact: 16] => Added contact succesfull
[26.02.2023 01:09:42 ] [INFO] [new_contact] [new_contactt: 171] => Added contact succesful
[26.02.2023 01:09:46 ] [INFO] [new_contact] [new_contactt: 76] => The name is already there
[26.02.2023 01:09:51 ] [INFO] [new_contact] [added_contact: 16] => Added contact succesfull
[26.02.2023 01:09:56 ] [INFO] [main] [main_: 57] => Exit
[26.02.2023 01:09:57 ] [INFO] [main] [<module>: 6] => Start program
[26.02.2023 01:09:57 ] [INFO] [new_contact] [<module>: 9] => Now
[26.02.2023 01:09:59 ] [INFO] [new_contact] [added_contact: 16] => Added contact succesfull
[26.02.2023 01:10:08 ] [INFO] [main] [main_: 57] => Exit
[26.02.2023 01:10:09 ] [INFO] [main] [<module>: 6] => Start program
[26.02.2023 01:10:11 ] [INFO] [new_contact] [<module>: 9] => Now
[26.02.2023 01:10:11 ] [INFO] [new_contact] [new_contactt: 146] => Create phone book
[26.02.2023 01:10:26 ] [INFO] [new_contact] [new_contactt: 156] => Open file
[26.02.2023 01:10:26 ] [INFO] [new_contact] [added_contact: 16] => Added contact succesfull
[26.02.2023 01:10:26 ] [INFO] [new_contact] [new_contactt: 171] => Added contact succesful
[26.02.2023 01:10:27 ] [INFO] [print_phone_book] [printt_phone_book: 9] => Read DATABASE
[26.02.2023 01:10:27 ] [INFO] [print_phone_book] [printt_phone_book: 30] => Print phone book
[26.02.2023 01:11:52 ] [INFO] [main] [<module>: 6] => Start program
[26.02.2023 01:11:53 ] [INFO] [new_contact] [<module>: 9] => Now
[26.02.2023 01:12:59 ] [INFO] [main] [<module>: 6] => Start program
[26.02.2023 01:13:00 ] [INFO] [new_contact] [<module>: 9] => Now
[26.02.2023 01:13:45 ] [INFO] [main] [<module>: 6] => Start program
[26.02.2023 01:13:49 ] [INFO] [main] [<module>: 6] => Start program
[26.02.2023 01:13:51 ] [INFO] [new_contact] [<module>: 9] => Now
[26.02.2023 01:14:04 ] [INFO] [main] [<module>: 6] => Start program
[26.02.2023 01:14:05 ] [INFO] [new_contact] [<module>: 9] => Now
[26.02.2023 01:14:36 ] [INFO] [main] [<module>: 6] => Start program
[26.02.2023 01:14:37 ] [INFO] [new_contact] [<module>: 9] => Now
[26.02.2023 01:18:50 ] [INFO] [main] [<module>: 6] => Start program
[26.02.2023 01:18:52 ] [INFO] [new_contact] [<module>: 9] => Now
[26.02.2023 01:19:09 ] [INFO] [main] [<module>: 6] => Start program
[26.02.2023 01:19:10 ] [INFO] [new_contact] [<module>: 9] => Now
[26.02.2023 01:19:11 ] [INFO] [new_contact] [added_contact: 16] => Added contact succesfull
[26.02.2023 01:19:57 ] [INFO] [main] [main_: 57] => Exit
[26.02.2023 01:19:58 ] [INFO] [main] [<module>: 6] => Start program
[26.02.2023 01:20:01 ] [INFO] [print_phone_book] [printt_phone_book: 9] => Read DATABASE
[26.02.2023 01:20:01 ] [INFO] [print_phone_book] [printt_phone_book: 30] => Print phone book
[26.02.2023 01:20:04 ] [INFO] [new_contact] [<module>: 9] => Now
[26.02.2023 01:20:07 ] [INFO] [new_contact] [added_contact: 16] => Added contact succesfull
[26.02.2023 01:20:21 ] [INFO] [main] [main_: 57] => Exit
[26.02.2023 01:20:22 ] [INFO] [main] [<module>: 6] => Start program
[26.02.2023 01:22:45 ] [INFO] [print_phone_book] [printt_phone_book: 9] => Read DATABASE
[26.02.2023 01:22:45 ] [INFO] [print_phone_book] [printt_phone_book: 30] => Print phone book
[26.02.2023 01:22:49 ] [INFO] [user_interface] [menu: 16] => Menu display
[26.02.2023 01:23:59 ] [INFO] [user_interface] [menu: 16] => Menu display
[26.02.2023 01:24:00 ] [INFO] [main] [main_: 57] => Exit
[26.02.2023 01:24:01 ] [INFO] [main] [<module>: 6] => Start program
[26.02.2023 01:24:02 ] [INFO] [user_interface] [menu: 18] => Menu display
[26.02.2023 01:24:49 ] [INFO] [search_contact] [searchh_contact: 14] => contact found
[26.02.2023 01:28:32 ] [INFO] [main] [main_: 58] => Exit
[26.02.2023 01:28:35 ] [INFO] [main] [<module>: 6] => Start program
[26.02.2023 01:28:36 ] [INFO] [user_interface] [menu: 18] => Menu display
[26.02.2023 01:28:39 ] [INFO] [search_contact] [searchh_contact: 23] => No such contact
[26.02.2023 01:28:42 ] [INFO] [search_contact] [searchh_contact: 14] => contact found
[26.02.2023 01:30:08 ] [INFO] [main] [<module>: 6] => Start program
[26.02.2023 01:30:10 ] [INFO] [search_contact] [searchh_contact: 14] => contact found
[26.02.2023 01:30:34 ] [INFO] [search_contact] [searchh_contact: 14] => contact found
[26.02.2023 01:32:10 ] [INFO] [main] [main_: 58] => Exit
[26.02.2023 01:32:10 ] [INFO] [main] [<module>: 6] => Start program
[26.02.2023 01:32:27 ] [INFO] [main] [<module>: 6] => Start program
[26.02.2023 01:32:33 ] [INFO] [main] [<module>: 6] => Start program
[26.02.2023 01:32:46 ] [INFO] [main] [<module>: 6] => Start program
[26.02.2023 01:32:49 ] [INFO] [search_contact] [searchh_contact: 37] => No such contact
[26.02.2023 01:34:39 ] [INFO] [main] [main_: 58] => Exit
[26.02.2023 01:34:41 ] [INFO] [main] [<module>: 6] => Start program
[26.02.2023 01:34:43 ] [INFO] [search_contact] [searchh_contact: 36] => contact found
[26.02.2023 01:34:43 ] [INFO] [search_contact] [searchh_contact: 36] => contact found
[26.02.2023 01:36:51 ] [INFO] [main] [main_: 58] => Exit
[26.02.2023 01:36:52 ] [INFO] [main] [<module>: 6] => Start program
[26.02.2023 01:39:11 ] [INFO] [main] [<module>: 6] => Start program
[26.02.2023 01:39:15 ] [INFO] [search_contact] [searchh_contact: 39] => contact found
[26.02.2023 01:39:15 ] [INFO] [search_contact] [searchh_contact: 39] => contact found
[26.02.2023 01:40:40 ] [INFO] [main] [main_: 58] => Exit
[26.02.2023 01:40:41 ] [INFO] [main] [<module>: 6] => Start program
[26.02.2023 01:40:53 ] [INFO] [main] [<module>: 6] => Start program
[26.02.2023 01:40:56 ] [INFO] [search_contact] [searchh_contact: 14] => contact found
[26.02.2023 01:44:13 ] [INFO] [main] [<module>: 6] => Start program
[26.02.2023 01:44:18 ] [INFO] [search_contact] [searchh_contact: 21] => No such contact
[26.02.2023 01:44:38 ] [INFO] [search_contact] [searchh_contact: 14] => contact found
[26.02.2023 01:45:20 ] [INFO] [main] [main_: 58] => Exit
[26.02.2023 01:45:21 ] [INFO] [main] [<module>: 6] => Start program
[26.02.2023 01:45:25 ] [INFO] [search_contact] [searchh_contact: 14] => contact found
[26.02.2023 01:45:32 ] [INFO] [search_contact] [searchh_contact: 21] => No such contact
[26.02.2023 01:46:02 ] [INFO] [search_contact] [searchh_contact: 21] => No such contact
[26.02.2023 01:46:14 ] [INFO] [main] [main_: 58] => Exit
[26.02.2023 01:46:15 ] [INFO] [main] [<module>: 6] => Start program
[26.02.2023 01:46:28 ] [INFO] [search_contact] [searchh_contact: 14] => contact found
[26.02.2023 01:46:46 ] [INFO] [search_contact] [searchh_contact: 14] => contact found
[26.02.2023 01:46:57 ] [INFO] [search_contact] [searchh_contact: 14] => contact found
[26.02.2023 01:47:15 ] [INFO] [main] [main_: 58] => Exit
[26.02.2023 01:47:19 ] [INFO] [main] [<module>: 6] => Start program
[26.02.2023 01:47:27 ] [INFO] [search_contact] [searchh_contact: 14] => contact found
[26.02.2023 01:47:43 ] [INFO] [search_contact] [searchh_contact: 21] => No such contact
[26.02.2023 01:48:06 ] [INFO] [new_contact] [<module>: 9] => Now
[26.02.2023 01:48:12 ] [INFO] [main] [<module>: 6] => Start program
[26.02.2023 01:48:17 ] [INFO] [search_contact] [searchh_contact: 14] => contact found
[26.02.2023 01:48:26 ] [INFO] [search_contact] [searchh_contact: 21] => No such contact
[26.02.2023 01:50:33 ] [INFO] [main] [main_: 58] => Exit
[26.02.2023 01:50:34 ] [INFO] [main] [<module>: 6] => Start program
[26.02.2023 01:50:42 ] [INFO] [search_contact] [searchh_contact: 21] => No such contact
[26.02.2023 01:50:54 ] [INFO] [main] [main_: 58] => Exit
[26.02.2023 01:50:55 ] [INFO] [main] [<module>: 6] => Start program
[26.02.2023 01:52:53 ] [INFO] [main] [<module>: 6] => Start program
[26.02.2023 01:53:14 ] [INFO] [search_contact] [searchh_contact: 21] => No such contact
[26.02.2023 01:53:27 ] [INFO] [main] [main_: 58] => Exit
[26.02.2023 01:53:30 ] [INFO] [main] [<module>: 6] => Start program
[26.02.2023 01:53:45 ] [INFO] [main] [<module>: 6] => Start program
[26.02.2023 01:53:46 ] [INFO] [print_phone_book] [printt_phone_book: 9] => Read DATABASE
[26.02.2023 01:53:46 ] [INFO] [print_phone_book] [printt_phone_book: 30] => Print phone book
[26.02.2023 01:53:51 ] [INFO] [user_interface] [menu: 18] => Menu display
[26.02.2023 01:53:54 ] [INFO] [substring_search] [<module>: 3] => substring search contact
[26.02.2023 01:54:06 ] [INFO] [main] [<module>: 6] => Start program
[26.02.2023 01:57:18 ] [INFO] [main] [main_: 58] => Exit
[26.02.2023 01:57:18 ] [INFO] [main] [<module>: 6] => Start program
[26.02.2023 01:59:23 ] [INFO] [main] [<module>: 6] => Start program
[26.02.2023 01:59:42 ] [INFO] [main] [<module>: 6] => Start program
[26.02.2023 02:00:00 ] [INFO] [main] [<module>: 6] => Start program
[26.02.2023 02:00:14 ] [INFO] [main] [<module>: 6] => Start program
[26.02.2023 02:00:33 ] [INFO] [main] [<module>: 6] => Start program
[26.02.2023 02:00:42 ] [INFO] [main] [<module>: 6] => Start program
[26.02.2023 02:01:13 ] [INFO] [main] [<module>: 6] => Start program
[26.02.2023 02:02:35 ] [INFO] [main] [<module>: 6] => Start program
[26.02.2023 02:02:37 ] [INFO] [search_contact] [searchh_contact: 14] => contact found
[26.02.2023 02:03:02 ] [INFO] [main] [main_: 58] => Exit
[26.02.2023 02:03:03 ] [INFO] [main] [<module>: 6] => Start program
[26.02.2023 02:04:39 ] [INFO] [main] [<module>: 6] => Start program
[26.02.2023 02:04:44 ] [INFO] [search_contact] [searchh_contact: 27] => No such contact
[26.02.2023 02:04:58 ] [INFO] [search_contact] [searchh_contact: 20] => contact found
[26.02.2023 02:05:05 ] [INFO] [main] [<module>: 6] => Start program
[26.02.2023 02:06:33 ] [INFO] [main] [<module>: 6] => Start program
[26.02.2023 02:06:39 ] [INFO] [search_contact] [searchh_contact: 27] => No such contact
[26.02.2023 02:06:58 ] [INFO] [main] [main_: 58] => Exit
[26.02.2023 02:06:59 ] [INFO] [main] [<module>: 6] => Start program
[26.02.2023 02:07:07 ] [INFO] [search_contact] [searchh_contact: 20] => contact found
[26.02.2023 02:07:15 ] [INFO] [search_contact] [searchh_contact: 20] => contact found
[26.02.2023 02:08:11 ] [INFO] [main] [<module>: 6] => Start program
[26.02.2023 02:08:18 ] [INFO] [search_contact] [searchh_contact: 21] => contact found
[26.02.2023 02:08:20 ] [INFO] [search_contact] [searchh_contact: 21] => contact found
[26.02.2023 02:08:22 ] [INFO] [search_contact] [searchh_contact: 21] => contact found
[26.02.2023 02:08:23 ] [INFO] [search_contact] [searchh_contact: 21] => contact found
[26.02.2023 02:08:23 ] [INFO] [search_contact] [searchh_contact: 21] => contact found
[26.02.2023 02:08:23 ] [INFO] [main] [main_: 62] => Wrong command
[26.02.2023 02:08:23 ] [INFO] [user_interface] [menu: 18] => Menu display
[26.02.2023 02:08:24 ] [INFO] [search_contact] [searchh_contact: 21] => contact found
[26.02.2023 02:08:24 ] [INFO] [search_contact] [searchh_contact: 21] => contact found
[26.02.2023 02:08:25 ] [INFO] [search_contact] [searchh_contact: 21] => contact found
[26.02.2023 02:08:25 ] [INFO] [search_contact] [searchh_contact: 21] => contact found
[26.02.2023 02:08:26 ] [INFO] [main] [main_: 62] => Wrong command
[26.02.2023 02:08:26 ] [INFO] [user_interface] [menu: 18] => Menu display
[26.02.2023 02:08:26 ] [INFO] [main] [main_: 62] => Wrong command
[26.02.2023 02:08:26 ] [INFO] [user_interface] [menu: 18] => Menu display
[26.02.2023 02:08:26 ] [INFO] [main] [main_: 62] => Wrong command
[26.02.2023 02:08:26 ] [INFO] [user_interface] [menu: 18] => Menu display
[26.02.2023 02:08:26 ] [INFO] [main] [main_: 62] => Wrong command
[26.02.2023 02:08:26 ] [INFO] [user_interface] [menu: 18] => Menu display
[26.02.2023 02:08:27 ] [INFO] [main] [main_: 62] => Wrong command
[26.02.2023 02:08:27 ] [INFO] [user_interface] [menu: 18] => Menu display
[26.02.2023 02:08:27 ] [INFO] [main] [main_: 62] => Wrong command
[26.02.2023 02:08:27 ] [INFO] [user_interface] [menu: 18] => Menu display
[26.02.2023 02:08:28 ] [INFO] [main] [main_: 62] => Wrong command
[26.02.2023 02:08:28 ] [INFO] [user_interface] [menu: 18] => Menu display
[26.02.2023 02:08:28 ] [INFO] [main] [main_: 62] => Wrong command
[26.02.2023 02:08:28 ] [INFO] [user_interface] [menu: 18] => Menu display
[26.02.2023 02:08:29 ] [INFO] [main] [main_: 62] => Wrong command
[26.02.2023 02:08:29 ] [INFO] [user_interface] [menu: 18] => Menu display
[26.02.2023 02:08:29 ] [INFO] [main] [main_: 62] => Wrong command
[26.02.2023 02:08:29 ] [INFO] [user_interface] [menu: 18] => Menu display
[26.02.2023 02:08:29 ] [INFO] [main] [main_: 62] => Wrong command
[26.02.2023 02:08:29 ] [INFO] [user_interface] [menu: 18] => Menu display
[26.02.2023 02:08:29 ] [INFO] [main] [main_: 62] => Wrong command
[26.02.2023 02:08:29 ] [INFO] [user_interface] [menu: 18] => Menu display
[26.02.2023 02:08:33 ] [INFO] [main] [main_: 62] => Wrong command
[26.02.2023 02:08:33 ] [INFO] [user_interface] [menu: 18] => Menu display
[26.02.2023 02:08:35 ] [INFO] [search_contact] [searchh_contact: 21] => contact found
[26.02.2023 02:08:46 ] [INFO] [search_contact] [searchh_contact: 21] => contact found
[26.02.2023 02:09:19 ] [INFO] [main] [main_: 58] => Exit
[26.02.2023 02:09:20 ] [INFO] [main] [<module>: 6] => Start program
[26.02.2023 02:10:03 ] [INFO] [main] [<module>: 6] => Start program
[26.02.2023 02:10:09 ] [INFO] [search_contact] [searchh_contact: 30] => No such contact
[26.02.2023 02:10:40 ] [INFO] [search_contact] [searchh_contact: 23] => contact found
[26.02.2023 02:10:49 ] [INFO] [new_contact] [<module>: 9] => Now
[26.02.2023 02:14:18 ] [INFO] [main] [<module>: 6] => Start program
[26.02.2023 02:15:34 ] [INFO] [main] [<module>: 6] => Start program
[26.02.2023 02:16:16 ] [INFO] [main] [<module>: 6] => Start program
[26.02.2023 02:16:37 ] [INFO] [main] [<module>: 6] => Start program
[26.02.2023 02:17:20 ] [INFO] [main] [<module>: 6] => Start program
[26.02.2023 02:18:09 ] [INFO] [main] [<module>: 6] => Start program
[26.02.2023 02:18:21 ] [INFO] [search_contact] [searchh_contact: 21] => contact found
[26.02.2023 02:18:48 ] [INFO] [main] [main_: 59] => Exit
[26.02.2023 02:18:49 ] [INFO] [main] [<module>: 6] => Start program
[26.02.2023 02:18:53 ] [INFO] [search_contact] [searchh_contact: 21] => contact found
[26.02.2023 02:18:54 ] [INFO] [search_contact] [searchh_contact: 21] => contact found
[26.02.2023 02:19:52 ] [INFO] [main] [<module>: 6] => Start program
[26.02.2023 02:20:00 ] [INFO] [main] [<module>: 6] => Start program
[26.02.2023 02:20:03 ] [INFO] [search_contact] [searchh_contact: 21] => contact found
[26.02.2023 02:20:10 ] [INFO] [main] [main_: 59] => Exit
[26.02.2023 02:20:12 ] [INFO] [main] [<module>: 6] => Start program
[26.02.2023 02:20:14 ] [INFO] [search_contact] [searchh_contact: 21] => contact found
[26.02.2023 02:20:16 ] [INFO] [search_contact] [searchh_contact: 21] => contact found
[26.02.2023 02:20:19 ] [INFO] [search_contact] [searchh_contact: 21] => contact found
[26.02.2023 02:20:20 ] [INFO] [search_contact] [searchh_contact: 21] => contact found
[26.02.2023 02:20:20 ] [INFO] [search_contact] [searchh_contact: 21] => contact found
[26.02.2023 02:20:20 ] [INFO] [search_contact] [searchh_contact: 21] => contact found
[26.02.2023 02:20:21 ] [INFO] [search_contact] [searchh_contact: 21] => contact found
[26.02.2023 02:20:43 ] [INFO] [main] [main_: 59] => Exit
[26.02.2023 02:20:44 ] [INFO] [main] [<module>: 6] => Start program
[26.02.2023 02:20:47 ] [INFO] [search_contact] [searchh_contact: 21] => contact found
[26.02.2023 02:20:48 ] [INFO] [search_contact] [searchh_contact: 21] => contact found
[26.02.2023 02:20:49 ] [INFO] [search_contact] [searchh_contact: 21] => contact found
[26.02.2023 02:20:49 ] [INFO] [search_contact] [searchh_contact: 21] => contact found
[26.02.2023 02:20:50 ] [INFO] [search_contact] [searchh_contact: 21] => contact found
[26.02.2023 02:20:51 ] [INFO] [search_contact] [searchh_contact: 21] => contact found
[26.02.2023 02:23:34 ] [INFO] [main] [main_: 59] => Exit
[26.02.2023 02:23:36 ] [INFO] [main] [<module>: 6] => Start program
[26.02.2023 02:23:49 ] [INFO] [search_contact] [searchh_contact: 21] => contact found
[26.02.2023 02:24:53 ] [INFO] [main] [main_: 59] => Exit
[26.02.2023 02:24:54 ] [INFO] [main] [<module>: 6] => Start program
[26.02.2023 02:25:03 ] [INFO] [search_contact] [searchh_contact: 14] => contact found
[26.02.2023 02:25:34 ] [INFO] [main] [<module>: 6] => Start program
[26.02.2023 02:25:35 ] [INFO] [substring_search] [<module>: 3] => substring search contact
[26.02.2023 02:25:42 ] [INFO] [main] [main_: 63] => Wrong command
[26.02.2023 02:25:42 ] [INFO] [user_interface] [menu: 18] => Menu display
[26.02.2023 02:25:49 ] [INFO] [main] [<module>: 6] => Start program
[26.02.2023 02:25:51 ] [INFO] [substring_search] [<module>: 3] => substring search contact
[26.02.2023 02:28:20 ] [INFO] [main] [main_: 59] => Exit
[26.02.2023 02:28:20 ] [INFO] [main] [<module>: 6] => Start program
[26.02.2023 02:28:22 ] [INFO] [substring_search] [<module>: 3] => substring search contact
[26.02.2023 02:28:42 ] [INFO] [main] [<module>: 6] => Start program
[26.02.2023 02:28:44 ] [INFO] [substring_search] [<module>: 3] => substring search contact
[26.02.2023 02:29:51 ] [INFO] [main] [main_: 59] => Exit
[26.02.2023 02:29:51 ] [INFO] [main] [<module>: 6] => Start program
[26.02.2023 02:29:52 ] [INFO] [substring_search] [<module>: 3] => substring search contact
[26.02.2023 02:30:20 ] [INFO] [main] [main_: 59] => Exit
[26.02.2023 02:30:21 ] [INFO] [main] [<module>: 6] => Start program
[26.02.2023 02:30:22 ] [INFO] [substring_search] [<module>: 3] => substring search contact
[26.02.2023 02:31:12 ] [INFO] [main] [main_: 59] => Exit
[26.02.2023 02:31:13 ] [INFO] [main] [<module>: 6] => Start program
[26.02.2023 02:31:14 ] [INFO] [substring_search] [<module>: 3] => substring search contact
[26.02.2023 02:31:47 ] [INFO] [main] [main_: 59] => Exit
[26.02.2023 02:31:47 ] [INFO] [main] [<module>: 6] => Start program
[26.02.2023 02:31:49 ] [INFO] [substring_search] [<module>: 3] => substring search contact
[26.02.2023 02:32:01 ] [INFO] [main] [main_: 59] => Exit
[26.02.2023 02:32:02 ] [INFO] [main] [<module>: 6] => Start program
[26.02.2023 02:32:04 ] [INFO] [substring_search] [<module>: 3] => substring search contact
[26.02.2023 02:35:19 ] [INFO] [main] [<module>: 6] => Start program
[26.02.2023 02:35:20 ] [INFO] [substring_search] [<module>: 3] => substring search contact
[26.02.2023 02:35:45 ] [INFO] [main] [<module>: 6] => Start program
[26.02.2023 02:35:47 ] [INFO] [substring_search] [<module>: 3] => substring search contact
[26.02.2023 02:36:10 ] [INFO] [main] [<module>: 6] => Start program
[26.02.2023 02:36:11 ] [INFO] [substring_search] [<module>: 3] => substring search contact
[26.02.2023 02:45:16 ] [INFO] [main] [<module>: 6] => Start program
[26.02.2023 02:45:17 ] [INFO] [substring_search] [<module>: 3] => substring search contact
[26.02.2023 02:45:48 ] [INFO] [main] [main_: 59] => Exit
[26.02.2023 02:45:50 ] [INFO] [main] [<module>: 6] => Start program
[26.02.2023 02:45:50 ] [INFO] [substring_search] [<module>: 3] => substring search contact
[26.02.2023 02:46:20 ] [INFO] [main] [main_: 59] => Exit
[26.02.2023 02:46:21 ] [INFO] [main] [<module>: 6] => Start program
[26.02.2023 02:46:22 ] [INFO] [substring_search] [<module>: 3] => substring search contact
[26.02.2023 02:47:00 ] [INFO] [main] [<module>: 6] => Start program
[26.02.2023 02:47:02 ] [INFO] [substring_search] [<module>: 3] => substring search contact
[26.02.2023 02:47:25 ] [INFO] [main] [main_: 59] => Exit
[26.02.2023 02:47:26 ] [INFO] [main] [<module>: 6] => Start program
[26.02.2023 02:47:26 ] [INFO] [substring_search] [<module>: 3] => substring search contact
[26.02.2023 02:47:42 ] [INFO] [main] [main_: 59] => Exit
[26.02.2023 02:47:43 ] [INFO] [main] [<module>: 6] => Start program
[26.02.2023 02:47:44 ] [INFO] [substring_search] [<module>: 3] => substring search contact
[26.02.2023 02:48:10 ] [INFO] [main] [main_: 63] => Wrong command
[26.02.2023 02:48:10 ] [INFO] [user_interface] [menu: 18] => Menu display
[26.02.2023 02:48:19 ] [INFO] [main] [main_: 59] => Exit
[26.02.2023 02:49:08 ] [INFO] [main] [<module>: 6] => Start program
[26.02.2023 02:49:10 ] [INFO] [user_interface] [menu: 18] => Menu display
[26.02.2023 02:49:14 ] [INFO] [copying_a_book] [<module>: 3] => Copying
[26.02.2023 02:49:14 ] [INFO] [copying_a_book] [copy: 8] => Read DATABASE
[26.02.2023 02:49:24 ] [INFO] [copying_a_book] [copy: 14] => Copying succesfful
[26.02.2023 02:49:33 ] [INFO] [main] [main_: 59] => Exit
[26.02.2023 02:49:34 ] [INFO] [main] [<module>: 6] => Start program
[26.02.2023 02:49:34 ] [INFO] [copying_a_book] [<module>: 3] => Copying
[26.02.2023 02:49:34 ] [INFO] [copying_a_book] [copy: 8] => Read DATABASE
[26.02.2023 02:49:37 ] [INFO] [copying_a_book] [copy: 15] => Copying succesfful
[26.02.2023 02:50:11 ] [INFO] [main] [main_: 59] => Exit
[26.02.2023 02:50:13 ] [INFO] [main] [<module>: 6] => Start program
[26.02.2023 02:50:14 ] [INFO] [copying_a_book] [<module>: 3] => Copying
[26.02.2023 02:50:14 ] [INFO] [copying_a_book] [copy: 8] => Read DATABASE
[26.02.2023 02:50:16 ] [INFO] [copying_a_book] [copy: 16] => Copying succesfful
[26.02.2023 02:50:26 ] [INFO] [main] [main_: 59] => Exit
[26.02.2023 02:50:27 ] [INFO] [main] [<module>: 6] => Start program
[26.02.2023 02:50:27 ] [INFO] [copying_a_book] [<module>: 3] => Copying
[26.02.2023 02:50:27 ] [INFO] [copying_a_book] [copy: 8] => Read DATABASE
[26.02.2023 02:50:32 ] [INFO] [copying_a_book] [copy: 16] => Copying succesfful
[26.02.2023 02:50:46 ] [INFO] [main] [main_: 59] => Exit
[26.02.2023 02:50:47 ] [INFO] [main] [<module>: 6] => Start program
[26.02.2023 02:50:48 ] [INFO] [copying_a_book] [<module>: 3] => Copying
[26.02.2023 02:50:48 ] [INFO] [copying_a_book] [copy: 8] => Read DATABASE
[26.02.2023 02:51:42 ] [INFO] [main] [<module>: 6] => Start program
[26.02.2023 02:51:43 ] [INFO] [copying_a_book] [<module>: 3] => Copying
[26.02.2023 02:51:43 ] [INFO] [copying_a_book] [copy: 8] => Read DATABASE
[26.02.2023 02:51:50 ] [INFO] [main] [<module>: 6] => Start program
[26.02.2023 02:51:50 ] [INFO] [copying_a_book] [<module>: 3] => Copying
[26.02.2023 02:51:50 ] [INFO] [copying_a_book] [copy: 8] => Read DATABASE
[26.02.2023 02:52:01 ] [INFO] [main] [<module>: 6] => Start program
[26.02.2023 02:52:01 ] [INFO] [copying_a_book] [<module>: 3] => Copying
[26.02.2023 02:52:01 ] [INFO] [copying_a_book] [copy: 8] => Read DATABASE
[26.02.2023 02:52:03 ] [INFO] [copying_a_book] [copy: 16] => Copying succesfful
[26.02.2023 02:52:50 ] [INFO] [main] [main_: 59] => Exit
[26.02.2023 02:52:52 ] [INFO] [main] [<module>: 6] => Start program
[26.02.2023 02:52:53 ] [INFO] [copying_a_book] [<module>: 3] => Copying
[26.02.2023 02:52:53 ] [INFO] [copying_a_book] [copy: 8] => Read DATABASE
[26.02.2023 02:53:04 ] [INFO] [copying_a_book] [copy: 17] => Copying succesfful
[26.02.2023 02:56:26 ] [INFO] [main] [main_: 59] => Exit
[26.02.2023 02:56:27 ] [INFO] [main] [<module>: 6] => Start program
[26.02.2023 02:56:28 ] [INFO] [substring_search] [<module>: 3] => substring search contact
[26.02.2023 02:56:48 ] [INFO] [main] [<module>: 6] => Start program
[26.02.2023 02:56:49 ] [INFO] [substring_search] [<module>: 3] => substring search contact
[26.02.2023 02:58:40 ] [INFO] [main] [<module>: 6] => Start program
[26.02.2023 02:58:41 ] [INFO] [copying_a_book] [<module>: 3] => Copying
[26.02.2023 02:58:41 ] [INFO] [copying_a_book] [copy: 8] => Read DATABASE
[26.02.2023 02:58:45 ] [INFO] [copying_a_book] [copy: 17] => Copying succesfful
[26.02.2023 03:00:19 ] [INFO] [main] [main_: 59] => Exit
[26.02.2023 03:00:20 ] [INFO] [main] [<module>: 6] => Start program
[26.02.2023 03:00:21 ] [INFO] [substring_search] [<module>: 3] => substring search contact
[26.02.2023 03:03:12 ] [INFO] [main] [<module>: 6] => Start program
[26.02.2023 03:03:13 ] [INFO] [substring_search] [<module>: 3] => substring search contact
[26.02.2023 03:10:31 ] [INFO] [main] [<module>: 6] => Start program
[26.02.2023 03:11:08 ] [INFO] [main] [<module>: 6] => Start program
[26.02.2023 03:11:09 ] [INFO] [new_contact] [<module>: 9] => Now
[26.02.2023 03:12:40 ] [INFO] [main] [<module>: 6] => Start program
[26.02.2023 03:12:42 ] [INFO] [new_contact] [<module>: 9] => Now
[26.02.2023 03:13:21 ] [INFO] [main] [<module>: 6] => Start program
[26.02.2023 03:13:22 ] [INFO] [new_contact] [<module>: 9] => Now
[26.02.2023 03:15:55 ] [INFO] [main] [<module>: 6] => Start program
[26.02.2023 03:15:56 ] [INFO] [new_contact] [<module>: 9] => Now
[26.02.2023 03:15:57 ] [INFO] [new_contact] [added_contact: 16] => Added contact succesfull
[26.02.2023 03:17:21 ] [INFO] [main] [main_: 59] => Exit
[26.02.2023 03:17:22 ] [INFO] [main] [<module>: 6] => Start program
[26.02.2023 03:17:22 ] [INFO] [new_contact] [<module>: 9] => Now
[26.02.2023 03:18:50 ] [INFO] [main] [<module>: 6] => Start program
[26.02.2023 03:18:51 ] [INFO] [new_contact] [<module>: 9] => Now
[26.02.2023 03:19:01 ] [INFO] [main] [<module>: 6] => Start program
[26.02.2023 03:19:02 ] [INFO] [new_contact] [<module>: 9] => Now
[26.02.2023 03:19:09 ] [INFO] [main] [<module>: 6] => Start program
[26.02.2023 03:19:10 ] [INFO] [new_contact] [<module>: 9] => Now
[26.02.2023 03:19:52 ] [INFO] [main] [<module>: 6] => Start program
[26.02.2023 03:19:52 ] [INFO] [new_contact] [<module>: 9] => Now
[26.02.2023 03:20:33 ] [INFO] [main] [<module>: 6] => Start program
[26.02.2023 03:20:34 ] [INFO] [new_contact] [<module>: 9] => Now
[26.02.2023 03:20:36 ] [INFO] [new_contact] [added_contact: 16] => Added contact succesfull
[26.02.2023 03:20:50 ] [INFO] [new_contact] [added_contact: 16] => Added contact succesfull
[26.02.2023 03:22:18 ] [INFO] [main] [main_: 59] => Exit
[26.02.2023 03:22:19 ] [INFO] [main] [<module>: 6] => Start program
[26.02.2023 03:22:20 ] [INFO] [new_contact] [<module>: 9] => Now
[26.02.2023 03:22:22 ] [INFO] [new_contact] [added_contact: 16] => Added contact succesfull
[26.02.2023 03:22:27 ] [INFO] [copying_a_book] [<module>: 3] => Copying
[26.02.2023 03:22:27 ] [INFO] [copying_a_book] [copy: 8] => Read DATABASE
[26.02.2023 03:22:33 ] [INFO] [copying_a_book] [copy: 16] => Copying succesfful
[26.02.2023 03:22:55 ] [INFO] [main] [main_: 59] => Exit
